0 info it worked if it ends with ok
1 verbose cli [ 'c:\\Program Files\\nodejs\\node.exe',
1 verbose cli   'c:\\Program Files\\nodejs\\node_modules\\npm\\bin\\npm-cli.js',
1 verbose cli   'install',
1 verbose cli   'express' ]
2 info using npm@1.4.28
3 info using node@v0.10.33
4 error Error: ENOENT, stat 'C:\Users\Jean-François\AppData\Roaming\npm'
5 error If you need help, you may report this *entire* log,
5 error including the npm and node versions, at:
5 error     <http://github.com/npm/npm/issues>
6 error System Windows_NT 6.2.9200
7 error command "c:\\Program Files\\nodejs\\node.exe" "c:\\Program Files\\nodejs\\node_modules\\npm\\bin\\npm-cli.js" "install" "express"
8 error cwd c:\Users\Jean-François\Documents\Prog\LoLManager
9 error node -v v0.10.33
10 error npm -v 1.4.28
11 error path C:\Users\Jean-François\AppData\Roaming\npm
12 error code ENOENT
13 error errno 34
14 verbose exit [ 34, true ]
